  main.cpp
C:\dev\VulkanRenderer\Core\main.cpp(44,3): warning C4002: too many arguments for function-like macro invocation 'DEBUG_LOG_ERROR'
C:\dev\VulkanRenderer\Core\main.cpp(44,3): warning C4473: 'printf' : not enough arguments passed for format string
      C:\dev\VulkanRenderer\Core\main.cpp(44,3):
      placeholders and their parameters expect 1 variadic arguments, but 0 were provided
      C:\dev\VulkanRenderer\Core\main.cpp(44,3):
      the missing variadic argument 1 is required by format string '%d'
  
C:\dev\VulkanRenderer\Core\main.cpp(60,3): warning C4002: too many arguments for function-like macro invocation 'DEBUG_LOG_ERROR'
C:\dev\VulkanRenderer\Core\main.cpp(60,3): warning C4473: 'printf' : not enough arguments passed for format string
      C:\dev\VulkanRenderer\Core\main.cpp(60,3):
      placeholders and their parameters expect 1 variadic arguments, but 0 were provided
      C:\dev\VulkanRenderer\Core\main.cpp(60,3):
      the missing variadic argument 1 is required by format string '%d'
  
C:\dev\VulkanRenderer\Core\main.cpp(73,2): warning C4002: too many arguments for function-like macro invocation 'DEBUG_LOG'
C:\dev\VulkanRenderer\Core\main.cpp(73,2): warning C4473: 'printf' : not enough arguments passed for format string
      C:\dev\VulkanRenderer\Core\main.cpp(73,2):
      placeholders and their parameters expect 1 variadic arguments, but 0 were provided
      C:\dev\VulkanRenderer\Core\main.cpp(73,2):
      the missing variadic argument 1 is required by format string '%s'
  
C:\dev\VulkanRenderer\Core\main.cpp(74,2): warning C4002: too many arguments for function-like macro invocation 'DEBUG_LOG'
C:\dev\VulkanRenderer\Core\main.cpp(74,2): warning C4473: 'printf' : not enough arguments passed for format string
      C:\dev\VulkanRenderer\Core\main.cpp(74,2):
      placeholders and their parameters expect 1 variadic arguments, but 0 were provided
      C:\dev\VulkanRenderer\Core\main.cpp(74,2):
      the missing variadic argument 1 is required by format string '%s'
  
C:\dev\VulkanRenderer\Core\main.cpp(75,2): warning C4002: too many arguments for function-like macro invocation 'DEBUG_LOG'
C:\dev\VulkanRenderer\Core\main.cpp(75,2): warning C4473: 'printf' : not enough arguments passed for format string
      C:\dev\VulkanRenderer\Core\main.cpp(75,2):
      placeholders and their parameters expect 1 variadic arguments, but 0 were provided
      C:\dev\VulkanRenderer\Core\main.cpp(75,2):
      the missing variadic argument 1 is required by format string '%s'
  
C:\dev\VulkanRenderer\Core\main.cpp(79,3): warning C4002: too many arguments for function-like macro invocation 'DEBUG_LOG'
C:\dev\VulkanRenderer\Core\main.cpp(79,3): warning C4473: 'printf' : not enough arguments passed for format string
      C:\dev\VulkanRenderer\Core\main.cpp(79,3):
      placeholders and their parameters expect 1 variadic arguments, but 0 were provided
      C:\dev\VulkanRenderer\Core\main.cpp(79,3):
      the missing variadic argument 1 is required by format string '%llx'
  
C:\dev\VulkanRenderer\Core\main.cpp(146,52): warning C4267: '=': conversion from 'size_t' to 'uint32_t', possible loss of data
  Core.vcxproj -> C:\dev\VulkanRenderer\x64\Debug\Core.exe
